{1 1} COMMENT // Example brackets file
{3 1} COMMENT // Function
{4 5} FUNCTION function
{4 14} IDENTITY greetPerson
{4 25} OPEN {
{4 26} IDENTITY name
{4 32} INTEGER "random person"
{4 49} IDENTITY numberOfTimes
{4 64} INTEGER 3
{4 65} CLOSE }
{4 67} OPEN {
{4 69} COMMENT // end of line comments
{5 9} FOR for
{5 12} OPEN {
{5 13} IDENTITY times
{5 18} OPEN {
{5 19} IDENTITY numberOfTimes
{5 32} CLOSE }
{5 33} CLOSE }
{5 35} OPEN {
{6 13} IDENTITY print
{6 18} OPEN {
{6 19} INTEGER "Hello, {{name}}"
{6 36} CLOSE }
{7 9} CLOSE }
{8 5} CLOSE }
{10 1} COMMENT // Call functions with args/kwargs
{11 1} COMMENT // {} accepts positional or kwargs
{12 5} IDENTITY name
{12 10} ASSIGNMENT =
{12 12} INTEGER "Micah"
{13 5} IDENTITY greetPerson
{13 16} OPEN {
{13 17} IDENTITY name
{13 23} IDENTITY name
{13 27} CLOSE }
{14 5} COMMENT // >> "Hello, Micah"
{15 5} COMMENT // >> "Hello, Micah"
{16 5} COMMENT // >> "Hello, Micah"
{18 5} IDENTITY greetPerson
{18 16} OPEN {
{18 17} INTEGER "Micah"
{18 24} CLOSE }
{19 5} COMMENT // >> "Hello, Micah"
{20 5} COMMENT // >> "Hello, Micah"
{21 5} COMMENT // >> "Hello, Micah"
{23 5} IDENTITY greetPerson
{23 16} OPEN {
{23 17} IDENTITY times
{23 24} INTEGER 5
{23 25} CLOSE }
{24 5} COMMENT // >> "Hello, random person"
{25 5} COMMENT // >> "Hello, random person"
{26 5} COMMENT // >> "Hello, random person"
{27 5} COMMENT // >> "Hello, random person"
{28 5} COMMENT // >> "Hello, random person"
{31 1} COMMENT // Object constructor (data types capitalized?)
{32 5} IDENTITY Object
{32 11} OPEN {
{33 9} INTEGER "test"
{33 17} BOOLEAN true
{34 9} INTEGER "test2"
{34 18} INTEGER "Blam"
{35 9} INTEGER "test3"
{35 18} INTEGER 1
{36 5} CLOSE }
{38 5} COMMENT // Array constructor
{39 5} IDENTITY Array
{39 10} OPEN {
{40 9} BOOLEAN true
{41 9} INTEGER "Blam"
{42 9} INTEGER 1
{43 5} CLOSE }
{45 1} COMMENT // Math Operators
{46 5} IDENTITY print
{46 10} OPEN {
{46 11} INTEGER 150
{46 15} ADD +
{46 17} INTEGER 125
{46 20} CLOSE }
{47 5} IDENTITY print
{47 10} OPEN {
{47 11} INTEGER 150
{47 15} SUBTRACT -
{47 17} INTEGER 125
{47 20} CLOSE }
{48 5} IDENTITY print
{48 10} OPEN {
{48 11} INTEGER 150
{48 15} MULTIPLY *
{48 17} INTEGER 125
{48 20} CLOSE }
{49 5} IDENTITY print
{49 10} OPEN {
{49 11} INTEGER 150
{49 15} DIVIDE /
{49 17} INTEGER 125
{49 20} CLOSE }
{51 1} COMMENT // Test the ability to use keywords
{52 5} IDENTITY functionTest
{52 17} OPEN {
{52 18} CLOSE }
{53 5} IDENTITY ifTest
{53 11} OPEN {
{53 12} CLOSE }
{54 5} IDENTITY returnTest
{54 15} OPEN {
{54 16} CLOSE }
{56 1} COMMENT // Test booleans
{57 5} BOOLEAN true
{58 5} BOOLEAN false
{59 5} IDENTITY truetrues
{60 5} IDENTITY falsefals
{60 13} EOF